13.7983 	EXP 	Created window1 = Window(allowGUI=False, allowStencil=False, autoLog=True, bitsMode=UNKNOWN, blendMode='avg', color=array([ 0.,  0.,  0.]), colorSpace='rgb', fullscr=UNKNOWN, gamma=None, lms=UNKNOWN, monitor=<psychopy.monitors.calibTools.Monitor instance at 0x13607210>, name='window1', pos=[0, 0], screen=0, size=array([1920, 1080]), stereo=False, units=u'norm', useFBO=True, viewOri=0.0, viewPos=None, viewScale=None, waitBlanking=True, winType='pyglet')
13.7984 	EXP 	window1: recordFrameIntervals = False
13.9516 	EXP 	window1: recordFrameIntervals = True
14.0751 	WARNING 	t of last frame was 23.58ms (=1/42)
14.2516 	EXP 	window1: recordFrameIntervals = False
15.2637 	EXP 	Created text_2 = TextStim(alignHoriz='center', alignVert='center', antialias=True, autoLog=True, bold=False, color='white', colorSpace='named', contrast=1.0, depth=0.0, flipHoriz=False, flipVert=False, font='Arial', fontFiles=[], height=0.07, italic=False, name='text_2', opacity=1.0, ori=0, pos=array([ 0.,  0.]), rgb=array([ 255.,  255.,  255.]), text=unicode(...), units=u'norm', win=Window(...), wrapWidth=1)
15.3594 	EXP 	Created image = ImageStim(autoLog=True, color=array([ 1.,  1.,  1.]), colorSpace='rgb', contrast=1.0, depth=-1.0, flipHoriz=False, flipVert=False, image='sin', interpolate=True, mask=None, maskParams=None, name='image', opacity=1.0, ori=0.0, pos=array([-0.5,  0. ]), size=array([ 0.7,  0.7]), texRes=128, units=u'norm', win=Window(...))
15.3618 	EXP 	Created image_2 = ImageStim(autoLog=True, color=array([ 1.,  1.,  1.]), colorSpace='rgb', contrast=1.0, depth=-2.0, flipHoriz=False, flipVert=False, image='sin', interpolate=True, mask=None, maskParams=None, name='image_2', opacity=1.0, ori=0.0, pos=array([ 0.5,  0. ]), size=array([ 0.7,  0.7]), texRes=128, units=u'norm', win=Window(...))
15.4041 	EXP 	Created text = TextStim(alignHoriz='center', alignVert='center', antialias=True, autoLog=True, bold=False, color='white', colorSpace='named', contrast=1.0, depth=-4.0, flipHoriz=False, flipVert=False, font='Arial', fontFiles=[], height=0.1, italic=False, name='text', opacity=1.0, ori=0, pos=array([ 0. , -0.5]), rgb=array([ 255.,  255.,  255.]), text=unicode(...), units=u'norm', win=Window(...), wrapWidth=1)
15.4179 	EXP 	Created text_3 = TextStim(alignHoriz='center', alignVert='center', antialias=True, autoLog=True, bold=False, color='white', colorSpace='named', contrast=1.0, depth=-5.0, flipHoriz=False, flipVert=False, font='Arial', fontFiles=[], height=0.1, italic=False, name='text_3', opacity=1.0, ori=0, pos=array([-0.5, -0.5]), rgb=array([ 255.,  255.,  255.]), text=u'Neutral', units=u'norm', win=Window(...), wrapWidth=1)
15.4453 	EXP 	Created text_4 = TextStim(alignHoriz='center', alignVert='center', antialias=True, autoLog=True, bold=False, color='white', colorSpace='named', contrast=1.0, depth=0.0, flipHoriz=False, flipVert=False, font='Arial', fontFiles=[], height=0.1, italic=False, name='text_4', opacity=1.0, ori=0, pos=array([ 0.,  0.]), rgb=array([ 255.,  255.,  255.]), text=unicode(...), units=u'norm', win=Window(...), wrapWidth=1)
15.4850 	EXP 	text_2: autoDraw = True
16.2184 	DATA 	Keypress: space
16.2204 	EXP 	Imported images.csv as conditions, 36 conditions, 2 params
16.2542 	EXP 	Created sequence: random, trialTypes=36, nReps=1, seed=None
16.2546 	EXP 	New trial (rep=0, index=0): {'Stimulus': u'Stimuli/MGSAD2.png', 'Neutral': u'Stimuli/MGNEU.png'}
16.4791 	EXP 	window1: recordFrameIntervals = False
16.5178 	EXP 	text_2: autoDraw = False
16.5178 	EXP 	image: image = u'Stimuli/MGNEU.png'
16.5178 	EXP 	image_2: image = u'Stimuli/MGSAD2.png'
16.5178 	EXP 	image: autoDraw = True
16.5178 	EXP 	image_2: autoDraw = True
16.5178 	EXP 	text: autoDraw = True
16.5178 	EXP 	text_3: autoDraw = True
16.5180 	EXP 	window1: recordFrameIntervals = False
19.8689 	DATA 	Keypress: 5
19.8800 	EXP 	New trial (rep=0, index=1): {'Stimulus': u'Stimuli/FGSUR3.png', 'Neutral': u'Stimuli/FGNEU.png'}
20.0306 	EXP 	window1: recordFrameIntervals = False
20.0515 	EXP 	image: autoDraw = False
20.0515 	EXP 	image_2: autoDraw = False
20.0515 	EXP 	text: autoDraw = False
20.0515 	EXP 	text_3: autoDraw = False
20.0515 	EXP 	image: image = u'Stimuli/FGNEU.png'
20.0515 	EXP 	image_2: image = u'Stimuli/FGSUR3.png'
20.0515 	EXP 	image: autoDraw = True
20.0515 	EXP 	image_2: autoDraw = True
20.0515 	EXP 	text: autoDraw = True
20.0515 	EXP 	text_3: autoDraw = True
20.0516 	EXP 	window1: recordFrameIntervals = False
21.8188 	DATA 	Keypress: 6
21.8199 	EXP 	New trial (rep=0, index=2): {'Stimulus': u'Stimuli/LDDIS3.png', 'Neutral': u'Stimuli/LDNEU.png'}
21.9649 	EXP 	window1: recordFrameIntervals = False
21.9850 	EXP 	image: autoDraw = False
21.9850 	EXP 	image_2: autoDraw = False
21.9850 	EXP 	text: autoDraw = False
21.9850 	EXP 	text_3: autoDraw = False
21.9850 	EXP 	image: image = u'Stimuli/LDNEU.png'
21.9850 	EXP 	image_2: image = u'Stimuli/LDDIS3.png'
21.9850 	EXP 	image: autoDraw = True
21.9850 	EXP 	image_2: autoDraw = True
21.9850 	EXP 	text: autoDraw = True
21.9850 	EXP 	text_3: autoDraw = True
21.9851 	EXP 	window1: recordFrameIntervals = False
23.5359 	DATA 	Keypress: 2
23.5376 	EXP 	New trial (rep=0, index=3): {'Stimulus': u'Stimuli/LDSAD3.png', 'Neutral': u'Stimuli/LDNEU.png'}
23.6764 	EXP 	window1: recordFrameIntervals = False
23.7017 	EXP 	image: autoDraw = False
23.7017 	EXP 	image_2: autoDraw = False
23.7017 	EXP 	text: autoDraw = False
23.7017 	EXP 	text_3: autoDraw = False
23.7017 	EXP 	image: image = u'Stimuli/LDNEU.png'
23.7017 	EXP 	image_2: image = u'Stimuli/LDSAD3.png'
23.7017 	EXP 	image: autoDraw = True
23.7017 	EXP 	image_2: autoDraw = True
23.7017 	EXP 	text: autoDraw = True
23.7017 	EXP 	text_3: autoDraw = True
23.7018 	EXP 	window1: recordFrameIntervals = False
29.8356 	DATA 	Keypress: 5
29.8369 	EXP 	New trial (rep=0, index=4): {'Stimulus': u'Stimuli/EBANG1.png', 'Neutral': u'Stimuli/EBNEU.png'}
30.0722 	EXP 	window1: recordFrameIntervals = False
30.1019 	EXP 	image: autoDraw = False
30.1019 	EXP 	image_2: autoDraw = False
30.1019 	EXP 	text: autoDraw = False
30.1019 	EXP 	text_3: autoDraw = False
30.1019 	EXP 	image: image = u'Stimuli/EBNEU.png'
30.1019 	EXP 	image_2: image = u'Stimuli/EBANG1.png'
30.1019 	EXP 	image: autoDraw = True
30.1019 	EXP 	image_2: autoDraw = True
30.1019 	EXP 	text: autoDraw = True
30.1019 	EXP 	text_3: autoDraw = True
30.1021 	EXP 	window1: recordFrameIntervals = False
33.2359 	DATA 	Keypress: 1
33.2374 	EXP 	New trial (rep=0, index=5): {'Stimulus': u'Stimuli/EBSUR3.png', 'Neutral': u'Stimuli/EBNEU.png'}
33.3669 	EXP 	window1: recordFrameIntervals = False
33.3853 	EXP 	image: autoDraw = False
33.3853 	EXP 	image_2: autoDraw = False
33.3853 	EXP 	text: autoDraw = False
33.3853 	EXP 	text_3: autoDraw = False
33.3853 	EXP 	image: image = u'Stimuli/EBNEU.png'
33.3853 	EXP 	image_2: image = u'Stimuli/EBSUR3.png'
33.3853 	EXP 	image: autoDraw = True
33.3853 	EXP 	image_2: autoDraw = True
33.3853 	EXP 	text: autoDraw = True
33.3853 	EXP 	text_3: autoDraw = True
33.3854 	EXP 	window1: recordFrameIntervals = False
34.8362 	DATA 	Keypress: 6
34.8378 	EXP 	New trial (rep=0, index=6): {'Stimulus': u'Stimuli/EBHAP3.png', 'Neutral': u'Stimuli/EBNEU.png'}
34.9879 	EXP 	window1: recordFrameIntervals = False
35.0016 	EXP 	image: autoDraw = False
35.0016 	EXP 	image_2: autoDraw = False
35.0016 	EXP 	text: autoDraw = False
35.0016 	EXP 	text_3: autoDraw = False
35.0016 	EXP 	image: image = u'Stimuli/EBNEU.png'
35.0016 	EXP 	image_2: image = u'Stimuli/EBHAP3.png'
35.0016 	EXP 	image: autoDraw = True
35.0016 	EXP 	image_2: autoDraw = True
35.0016 	EXP 	text: autoDraw = True
35.0016 	EXP 	text_3: autoDraw = True
35.0018 	EXP 	window1: recordFrameIntervals = False
37.6192 	DATA 	Keypress: 4
37.6208 	EXP 	New trial (rep=0, index=7): {'Stimulus': u'Stimuli/MGANG1.png', 'Neutral': u'Stimuli/MGNEU.png'}
37.7515 	EXP 	window1: recordFrameIntervals = False
37.7688 	EXP 	image: autoDraw = False
37.7688 	EXP 	image_2: autoDraw = False
37.7688 	EXP 	text: autoDraw = False
37.7688 	EXP 	text_3: autoDraw = False
37.7688 	EXP 	image: image = u'Stimuli/MGNEU.png'
37.7688 	EXP 	image_2: image = u'Stimuli/MGANG1.png'
37.7688 	EXP 	image: autoDraw = True
37.7688 	EXP 	image_2: autoDraw = True
37.7688 	EXP 	text: autoDraw = True
37.7688 	EXP 	text_3: autoDraw = True
37.7689 	EXP 	window1: recordFrameIntervals = False
49.7362 	DATA 	Keypress: 1
49.7379 	EXP 	New trial (rep=0, index=8): {'Stimulus': u'Stimuli/LDHAP2.png', 'Neutral': u'Stimuli/LDNEU.png'}
49.8880 	EXP 	window1: recordFrameIntervals = False
49.9020 	EXP 	image: autoDraw = False
49.9020 	EXP 	image_2: autoDraw = False
49.9020 	EXP 	text: autoDraw = False
49.9020 	EXP 	text_3: autoDraw = False
49.9020 	EXP 	image: image = u'Stimuli/LDNEU.png'
49.9020 	EXP 	image_2: image = u'Stimuli/LDHAP2.png'
49.9020 	EXP 	image: autoDraw = True
49.9020 	EXP 	image_2: autoDraw = True
49.9020 	EXP 	text: autoDraw = True
49.9020 	EXP 	text_3: autoDraw = True
49.9022 	EXP 	window1: recordFrameIntervals = False
52.0530 	DATA 	Keypress: 4
52.0547 	EXP 	New trial (rep=0, index=9): {'Stimulus': u'Stimuli/FGHAP3.png', 'Neutral': u'Stimuli/FGNEU.png'}
52.1941 	EXP 	window1: recordFrameIntervals = False
52.2191 	EXP 	image: autoDraw = False
52.2191 	EXP 	image_2: autoDraw = False
52.2191 	EXP 	text: autoDraw = False
52.2191 	EXP 	text_3: autoDraw = False
52.2191 	EXP 	image: image = u'Stimuli/FGNEU.png'
52.2191 	EXP 	image_2: image = u'Stimuli/FGHAP3.png'
52.2191 	EXP 	image: autoDraw = True
52.2191 	EXP 	image_2: autoDraw = True
52.2191 	EXP 	text: autoDraw = True
52.2191 	EXP 	text_3: autoDraw = True
52.2192 	EXP 	window1: recordFrameIntervals = False
53.3526 	DATA 	Keypress: 4
53.3533 	EXP 	New trial (rep=0, index=10): {'Stimulus': u'Stimuli/MGDIS2.png', 'Neutral': u'Stimuli/MGNEU.png'}
53.4754 	EXP 	window1: recordFrameIntervals = False
53.5024 	EXP 	image: autoDraw = False
53.5024 	EXP 	image_2: autoDraw = False
53.5024 	EXP 	text: autoDraw = False
53.5024 	EXP 	text_3: autoDraw = False
53.5024 	EXP 	image: image = u'Stimuli/MGNEU.png'
53.5024 	EXP 	image_2: image = u'Stimuli/MGDIS2.png'
53.5024 	EXP 	image: autoDraw = True
53.5024 	EXP 	image_2: autoDraw = True
53.5024 	EXP 	text: autoDraw = True
53.5024 	EXP 	text_3: autoDraw = True
53.5026 	EXP 	window1: recordFrameIntervals = False
55.2363 	DATA 	Keypress: 2
55.2379 	EXP 	New trial (rep=0, index=11): {'Stimulus': u'Stimuli/FFDIS2.png', 'Neutral': u'Stimuli/FFNEU.png'}
55.3851 	EXP 	window1: recordFrameIntervals = False
55.4024 	EXP 	image: autoDraw = False
55.4024 	EXP 	image_2: autoDraw = False
55.4024 	EXP 	text: autoDraw = False
55.4024 	EXP 	text_3: autoDraw = False
55.4024 	EXP 	image: image = u'Stimuli/FFNEU.png'
55.4024 	EXP 	image_2: image = u'Stimuli/FFDIS2.png'
55.4024 	EXP 	image: autoDraw = True
55.4024 	EXP 	image_2: autoDraw = True
55.4024 	EXP 	text: autoDraw = True
55.4024 	EXP 	text_3: autoDraw = True
55.4026 	EXP 	window1: recordFrameIntervals = False
58.5865 	DATA 	Keypress: 2
58.5881 	EXP 	New trial (rep=0, index=12): {'Stimulus': u'Stimuli/MGFEA3.png', 'Neutral': u'Stimuli/MGNEU.png'}
58.7218 	EXP 	window1: recordFrameIntervals = False
58.7355 	EXP 	image: autoDraw = False
58.7355 	EXP 	image_2: autoDraw = False
58.7355 	EXP 	text: autoDraw = False
58.7355 	EXP 	text_3: autoDraw = False
58.7355 	EXP 	image: image = u'Stimuli/MGNEU.png'
58.7355 	EXP 	image_2: image = u'Stimuli/MGFEA3.png'
58.7355 	EXP 	image: autoDraw = True
58.7355 	EXP 	image_2: autoDraw = True
58.7355 	EXP 	text: autoDraw = True
58.7355 	EXP 	text_3: autoDraw = True
58.7357 	EXP 	window1: recordFrameIntervals = False
64.8368 	DATA 	Keypress: 6
64.8553 	EXP 	New trial (rep=0, index=13): {'Stimulus': u'Stimuli/FGDIS2.png', 'Neutral': u'Stimuli/FGNEU.png'}
64.9909 	EXP 	window1: recordFrameIntervals = False
65.0023 	EXP 	image: autoDraw = False
65.0023 	EXP 	image_2: autoDraw = False
65.0023 	EXP 	text: autoDraw = False
65.0023 	EXP 	text_3: autoDraw = False
65.0023 	EXP 	image: image = u'Stimuli/FGNEU.png'
65.0023 	EXP 	image_2: image = u'Stimuli/FGDIS2.png'
65.0023 	EXP 	image: autoDraw = True
65.0023 	EXP 	image_2: autoDraw = True
65.0023 	EXP 	text: autoDraw = True
65.0023 	EXP 	text_3: autoDraw = True
65.0025 	EXP 	window1: recordFrameIntervals = False
68.5557 	DATA 	Keypress: 2
68.5716 	EXP 	New trial (rep=0, index=14): {'Stimulus': u'Stimuli/ARANG2.png', 'Neutral': u'Stimuli/ARNEU.png'}
68.7237 	EXP 	window1: recordFrameIntervals = False
68.7359 	EXP 	image: autoDraw = False
68.7359 	EXP 	image_2: autoDraw = False
68.7359 	EXP 	text: autoDraw = False
68.7359 	EXP 	text_3: autoDraw = False
68.7359 	EXP 	image: image = u'Stimuli/ARNEU.png'
68.7359 	EXP 	image_2: image = u'Stimuli/ARANG2.png'
68.7359 	EXP 	image: autoDraw = True
68.7359 	EXP 	image_2: autoDraw = True
68.7359 	EXP 	text: autoDraw = True
68.7359 	EXP 	text_3: autoDraw = True
68.7361 	EXP 	window1: recordFrameIntervals = False
71.3367 	DATA 	Keypress: 1
71.3383 	EXP 	New trial (rep=0, index=15): {'Stimulus': u'Stimuli/FFFEA2.png', 'Neutral': u'Stimuli/FFNEU.png'}
71.4846 	EXP 	window1: recordFrameIntervals = False
71.5029 	EXP 	image: autoDraw = False
71.5029 	EXP 	image_2: autoDraw = False
71.5029 	EXP 	text: autoDraw = False
71.5029 	EXP 	text_3: autoDraw = False
71.5029 	EXP 	image: image = u'Stimuli/FFNEU.png'
71.5029 	EXP 	image_2: image = u'Stimuli/FFFEA2.png'
71.5029 	EXP 	image: autoDraw = True
71.5029 	EXP 	image_2: autoDraw = True
71.5029 	EXP 	text: autoDraw = True
71.5029 	EXP 	text_3: autoDraw = True
71.5032 	EXP 	window1: recordFrameIntervals = False
74.7037 	DATA 	Keypress: 3
74.7054 	EXP 	New trial (rep=0, index=16): {'Stimulus': u'Stimuli/MGHAP3.png', 'Neutral': u'Stimuli/MGNEU.png'}
74.8513 	EXP 	window1: recordFrameIntervals = False
74.8697 	EXP 	image: autoDraw = False
74.8697 	EXP 	image_2: autoDraw = False
74.8697 	EXP 	text: autoDraw = False
74.8697 	EXP 	text_3: autoDraw = False
74.8697 	EXP 	image: image = u'Stimuli/MGNEU.png'
74.8697 	EXP 	image_2: image = u'Stimuli/MGHAP3.png'
74.8697 	EXP 	image: autoDraw = True
74.8697 	EXP 	image_2: autoDraw = True
74.8697 	EXP 	text: autoDraw = True
74.8697 	EXP 	text_3: autoDraw = True
74.8698 	EXP 	window1: recordFrameIntervals = False
76.3559 	DATA 	Keypress: 4
76.3716 	EXP 	New trial (rep=0, index=17): {'Stimulus': u'Stimuli/LDANG3.png', 'Neutral': u'Stimuli/LDNEU.png'}
76.5364 	EXP 	window1: recordFrameIntervals = False
76.5532 	EXP 	image: autoDraw = False
76.5532 	EXP 	image_2: autoDraw = False
76.5532 	EXP 	text: autoDraw = False
76.5532 	EXP 	text_3: autoDraw = False
76.5532 	EXP 	image: image = u'Stimuli/LDNEU.png'
76.5532 	EXP 	image_2: image = u'Stimuli/LDANG3.png'
76.5532 	EXP 	image: autoDraw = True
76.5532 	EXP 	image_2: autoDraw = True
76.5532 	EXP 	text: autoDraw = True
76.5532 	EXP 	text_3: autoDraw = True
76.5533 	EXP 	window1: recordFrameIntervals = False
78.5534 	DATA 	Keypress: 1
78.5541 	EXP 	New trial (rep=0, index=18): {'Stimulus': u'Stimuli/ARSAD3.png', 'Neutral': u'Stimuli/ARNEU.png'}
78.6778 	EXP 	window1: recordFrameIntervals = False
78.7030 	EXP 	image: autoDraw = False
78.7030 	EXP 	image_2: autoDraw = False
78.7030 	EXP 	text: autoDraw = False
78.7030 	EXP 	text_3: autoDraw = False
78.7030 	EXP 	image: image = u'Stimuli/ARNEU.png'
78.7030 	EXP 	image_2: image = u'Stimuli/ARSAD3.png'
78.7030 	EXP 	image: autoDraw = True
78.7030 	EXP 	image_2: autoDraw = True
78.7030 	EXP 	text: autoDraw = True
78.7030 	EXP 	text_3: autoDraw = True
78.7032 	EXP 	window1: recordFrameIntervals = False
87.8206 	DATA 	Keypress: 5
87.8222 	EXP 	New trial (rep=0, index=19): {'Stimulus': u'Stimuli/ARDIS3.png', 'Neutral': u'Stimuli/ARNEU.png'}
87.9681 	EXP 	window1: recordFrameIntervals = False
87.9867 	EXP 	image: autoDraw = False
87.9867 	EXP 	image_2: autoDraw = False
87.9867 	EXP 	text: autoDraw = False
87.9867 	EXP 	text_3: autoDraw = False
87.9867 	EXP 	image: image = u'Stimuli/ARNEU.png'
87.9867 	EXP 	image_2: image = u'Stimuli/ARDIS3.png'
87.9867 	EXP 	image: autoDraw = True
87.9867 	EXP 	image_2: autoDraw = True
87.9867 	EXP 	text: autoDraw = True
87.9867 	EXP 	text_3: autoDraw = True
87.9868 	EXP 	window1: recordFrameIntervals = False
90.3735 	DATA 	Keypress: 2
90.3885 	EXP 	New trial (rep=0, index=20): {'Stimulus': u'Stimuli/ARSUR2.png', 'Neutral': u'Stimuli/ARNEU.png'}
90.5372 	EXP 	window1: recordFrameIntervals = False
90.5531 	EXP 	image: autoDraw = False
90.5531 	EXP 	image_2: autoDraw = False
90.5531 	EXP 	text: autoDraw = False
90.5531 	EXP 	text_3: autoDraw = False
90.5531 	EXP 	image: image = u'Stimuli/ARNEU.png'
90.5531 	EXP 	image_2: image = u'Stimuli/ARSUR2.png'
90.5531 	EXP 	image: autoDraw = True
90.5531 	EXP 	image_2: autoDraw = True
90.5531 	EXP 	text: autoDraw = True
90.5531 	EXP 	text_3: autoDraw = True
90.5533 	EXP 	window1: recordFrameIntervals = False
92.2205 	DATA 	Keypress: 6
92.2214 	EXP 	New trial (rep=0, index=21): {'Stimulus': u'Stimuli/FFSUR2.png', 'Neutral': u'Stimuli/FFNEU.png'}
92.4590 	EXP 	window1: recordFrameIntervals = False
92.4868 	EXP 	image: autoDraw = False
92.4868 	EXP 	image_2: autoDraw = False
92.4868 	EXP 	text: autoDraw = False
92.4868 	EXP 	text_3: autoDraw = False
92.4868 	EXP 	image: image = u'Stimuli/FFNEU.png'
92.4868 	EXP 	image_2: image = u'Stimuli/FFSUR2.png'
92.4868 	EXP 	image: autoDraw = True
92.4868 	EXP 	image_2: autoDraw = True
92.4868 	EXP 	text: autoDraw = True
92.4868 	EXP 	text_3: autoDraw = True
92.4871 	EXP 	window1: recordFrameIntervals = False
94.8873 	DATA 	Keypress: 6
94.8889 	EXP 	New trial (rep=0, index=22): {'Stimulus': u'Stimuli/FGFEA2.png', 'Neutral': u'Stimuli/FGNEU.png'}
95.0225 	EXP 	window1: recordFrameIntervals = False
95.0365 	EXP 	image: autoDraw = False
95.0365 	EXP 	image_2: autoDraw = False
95.0365 	EXP 	text: autoDraw = False
95.0365 	EXP 	text_3: autoDraw = False
95.0365 	EXP 	image: image = u'Stimuli/FGNEU.png'
95.0365 	EXP 	image_2: image = u'Stimuli/FGFEA2.png'
95.0365 	EXP 	image: autoDraw = True
95.0365 	EXP 	image_2: autoDraw = True
95.0365 	EXP 	text: autoDraw = True
95.0365 	EXP 	text_3: autoDraw = True
95.0367 	EXP 	window1: recordFrameIntervals = False
100.5876 	DATA 	Keypress: 3
100.5891 	EXP 	New trial (rep=0, index=23): {'Stimulus': u'Stimuli/FGANG2.png', 'Neutral': u'Stimuli/FGNEU.png'}
100.8213 	EXP 	window1: recordFrameIntervals = False
100.8366 	EXP 	image: autoDraw = False
100.8366 	EXP 	image_2: autoDraw = False
100.8366 	EXP 	text: autoDraw = False
100.8366 	EXP 	text_3: autoDraw = False
100.8366 	EXP 	image: image = u'Stimuli/FGNEU.png'
100.8366 	EXP 	image_2: image = u'Stimuli/FGANG2.png'
100.8366 	EXP 	image: autoDraw = True
100.8366 	EXP 	image_2: autoDraw = True
100.8366 	EXP 	text: autoDraw = True
100.8366 	EXP 	text_3: autoDraw = True
100.8368 	EXP 	window1: recordFrameIntervals = False
102.0710 	DATA 	Keypress: 1
102.0733 	EXP 	New trial (rep=0, index=24): {'Stimulus': u'Stimuli/EBSAD3.png', 'Neutral': u'Stimuli/EBNEU.png'}
102.2245 	EXP 	window1: recordFrameIntervals = False
102.2366 	EXP 	image: autoDraw = False
102.2366 	EXP 	image_2: autoDraw = False
102.2366 	EXP 	text: autoDraw = False
102.2366 	EXP 	text_3: autoDraw = False
102.2366 	EXP 	image: image = u'Stimuli/EBNEU.png'
102.2366 	EXP 	image_2: image = u'Stimuli/EBSAD3.png'
102.2366 	EXP 	image: autoDraw = True
102.2366 	EXP 	image_2: autoDraw = True
102.2366 	EXP 	text: autoDraw = True
102.2366 	EXP 	text_3: autoDraw = True
102.2367 	EXP 	window1: recordFrameIntervals = False
104.9042 	DATA 	Keypress: 2
104.9058 	EXP 	New trial (rep=0, index=25): {'Stimulus': u'Stimuli/FFSAD1.png', 'Neutral': u'Stimuli/FFNEU.png'}
105.0387 	EXP 	window1: recordFrameIntervals = False
105.0534 	EXP 	image: autoDraw = False
105.0534 	EXP 	image_2: autoDraw = False
105.0534 	EXP 	text: autoDraw = False
105.0534 	EXP 	text_3: autoDraw = False
105.0534 	EXP 	image: image = u'Stimuli/FFNEU.png'
105.0534 	EXP 	image_2: image = u'Stimuli/FFSAD1.png'
105.0534 	EXP 	image: autoDraw = True
105.0534 	EXP 	image_2: autoDraw = True
105.0534 	EXP 	text: autoDraw = True
105.0534 	EXP 	text_3: autoDraw = True
105.0535 	EXP 	window1: recordFrameIntervals = False
107.8545 	DATA 	Keypress: 1
107.8561 	EXP 	New trial (rep=0, index=26): {'Stimulus': u'Stimuli/FFANG3.png', 'Neutral': u'Stimuli/FFNEU.png'}
107.9816 	EXP 	window1: recordFrameIntervals = False
108.0038 	EXP 	image: autoDraw = False
108.0038 	EXP 	image_2: autoDraw = False
108.0038 	EXP 	text: autoDraw = False
108.0038 	EXP 	text_3: autoDraw = False
108.0038 	EXP 	image: image = u'Stimuli/FFNEU.png'
108.0038 	EXP 	image_2: image = u'Stimuli/FFANG3.png'
108.0038 	EXP 	image: autoDraw = True
108.0038 	EXP 	image_2: autoDraw = True
108.0038 	EXP 	text: autoDraw = True
108.0038 	EXP 	text_3: autoDraw = True
108.0040 	EXP 	window1: recordFrameIntervals = False
109.0377 	DATA 	Keypress: 1
109.0386 	EXP 	New trial (rep=0, index=27): {'Stimulus': u'Stimuli/EBFEA3.png', 'Neutral': u'Stimuli/EBNEU.png'}
109.1639 	EXP 	window1: recordFrameIntervals = False
109.1872 	EXP 	image: autoDraw = False
109.1872 	EXP 	image_2: autoDraw = False
109.1872 	EXP 	text: autoDraw = False
109.1872 	EXP 	text_3: autoDraw = False
109.1872 	EXP 	image: image = u'Stimuli/EBNEU.png'
109.1872 	EXP 	image_2: image = u'Stimuli/EBFEA3.png'
109.1872 	EXP 	image: autoDraw = True
109.1872 	EXP 	image_2: autoDraw = True
109.1872 	EXP 	text: autoDraw = True
109.1872 	EXP 	text_3: autoDraw = True
109.1873 	EXP 	window1: recordFrameIntervals = False
114.3712 	DATA 	Keypress: 1
114.3727 	EXP 	New trial (rep=0, index=28): {'Stimulus': u'Stimuli/FFHAP3.png', 'Neutral': u'Stimuli/FFNEU.png'}
114.5041 	EXP 	window1: recordFrameIntervals = False
114.5203 	EXP 	image: autoDraw = False
114.5203 	EXP 	image_2: autoDraw = False
114.5203 	EXP 	text: autoDraw = False
114.5203 	EXP 	text_3: autoDraw = False
114.5203 	EXP 	image: image = u'Stimuli/FFNEU.png'
114.5203 	EXP 	image_2: image = u'Stimuli/FFHAP3.png'
114.5203 	EXP 	image: autoDraw = True
114.5203 	EXP 	image_2: autoDraw = True
114.5203 	EXP 	text: autoDraw = True
114.5203 	EXP 	text_3: autoDraw = True
114.5205 	EXP 	window1: recordFrameIntervals = False
116.3547 	DATA 	Keypress: 4
116.3563 	EXP 	New trial (rep=0, index=29): {'Stimulus': u'Stimuli/ARFEA2.png', 'Neutral': u'Stimuli/ARNEU.png'}
116.5045 	EXP 	window1: recordFrameIntervals = False
116.5206 	EXP 	image: autoDraw = False
116.5206 	EXP 	image_2: autoDraw = False
116.5206 	EXP 	text: autoDraw = False
116.5206 	EXP 	text_3: autoDraw = False
116.5206 	EXP 	image: image = u'Stimuli/ARNEU.png'
116.5206 	EXP 	image_2: image = u'Stimuli/ARFEA2.png'
116.5206 	EXP 	image: autoDraw = True
116.5206 	EXP 	image_2: autoDraw = True
116.5206 	EXP 	text: autoDraw = True
116.5206 	EXP 	text_3: autoDraw = True
116.5207 	EXP 	window1: recordFrameIntervals = False
118.1046 	DATA 	Keypress: 3
118.1062 	EXP 	New trial (rep=0, index=30): {'Stimulus': u'Stimuli/FGSAD1.png', 'Neutral': u'Stimuli/FGNEU.png'}
118.2589 	EXP 	window1: recordFrameIntervals = False
118.2703 	EXP 	image: autoDraw = False
118.2703 	EXP 	image_2: autoDraw = False
118.2703 	EXP 	text: autoDraw = False
118.2703 	EXP 	text_3: autoDraw = False
118.2703 	EXP 	image: image = u'Stimuli/FGNEU.png'
118.2703 	EXP 	image_2: image = u'Stimuli/FGSAD1.png'
118.2703 	EXP 	image: autoDraw = True
118.2703 	EXP 	image_2: autoDraw = True
118.2703 	EXP 	text: autoDraw = True
118.2703 	EXP 	text_3: autoDraw = True
118.2705 	EXP 	window1: recordFrameIntervals = False
125.4214 	DATA 	Keypress: 5
125.4230 	EXP 	New trial (rep=0, index=31): {'Stimulus': u'Stimuli/ARHAP2.png', 'Neutral': u'Stimuli/ARNEU.png'}
125.5754 	EXP 	window1: recordFrameIntervals = False
125.5872 	EXP 	image: autoDraw = False
125.5872 	EXP 	image_2: autoDraw = False
125.5872 	EXP 	text: autoDraw = False
125.5872 	EXP 	text_3: autoDraw = False
125.5872 	EXP 	image: image = u'Stimuli/ARNEU.png'
125.5872 	EXP 	image_2: image = u'Stimuli/ARHAP2.png'
125.5872 	EXP 	image: autoDraw = True
125.5872 	EXP 	image_2: autoDraw = True
125.5872 	EXP 	text: autoDraw = True
125.5872 	EXP 	text_3: autoDraw = True
125.5873 	EXP 	window1: recordFrameIntervals = False
127.0883 	DATA 	Keypress: 4
127.0903 	EXP 	New trial (rep=0, index=32): {'Stimulus': u'Stimuli/MGSUR1.png', 'Neutral': u'Stimuli/MGNEU.png'}
127.2151 	EXP 	window1: recordFrameIntervals = False
127.2376 	EXP 	image: autoDraw = False
127.2376 	EXP 	image_2: autoDraw = False
127.2376 	EXP 	text: autoDraw = False
127.2376 	EXP 	text_3: autoDraw = False
127.2376 	EXP 	image: image = u'Stimuli/MGNEU.png'
127.2376 	EXP 	image_2: image = u'Stimuli/MGSUR1.png'
127.2376 	EXP 	image: autoDraw = True
127.2376 	EXP 	image_2: autoDraw = True
127.2376 	EXP 	text: autoDraw = True
127.2376 	EXP 	text_3: autoDraw = True
127.2378 	EXP 	window1: recordFrameIntervals = False
129.4383 	DATA 	Keypress: 6
129.4398 	EXP 	New trial (rep=0, index=33): {'Stimulus': u'Stimuli/EBDIS2.png', 'Neutral': u'Stimuli/EBNEU.png'}
129.5795 	EXP 	window1: recordFrameIntervals = False
129.6044 	EXP 	image: autoDraw = False
129.6044 	EXP 	image_2: autoDraw = False
129.6044 	EXP 	text: autoDraw = False
129.6044 	EXP 	text_3: autoDraw = False
129.6044 	EXP 	image: image = u'Stimuli/EBNEU.png'
129.6044 	EXP 	image_2: image = u'Stimuli/EBDIS2.png'
129.6044 	EXP 	image: autoDraw = True
129.6044 	EXP 	image_2: autoDraw = True
129.6044 	EXP 	text: autoDraw = True
129.6044 	EXP 	text_3: autoDraw = True
129.6046 	EXP 	window1: recordFrameIntervals = False
133.2047 	DATA 	Keypress: 2
133.2054 	EXP 	New trial (rep=0, index=34): {'Stimulus': u'Stimuli/LDSUR2.png', 'Neutral': u'Stimuli/LDNEU.png'}
133.4583 	EXP 	window1: recordFrameIntervals = False
133.4711 	EXP 	image: autoDraw = False
133.4711 	EXP 	image_2: autoDraw = False
133.4711 	EXP 	text: autoDraw = False
133.4711 	EXP 	text_3: autoDraw = False
133.4711 	EXP 	image: image = u'Stimuli/LDNEU.png'
133.4711 	EXP 	image_2: image = u'Stimuli/LDSUR2.png'
133.4711 	EXP 	image: autoDraw = True
133.4711 	EXP 	image_2: autoDraw = True
133.4711 	EXP 	text: autoDraw = True
133.4711 	EXP 	text_3: autoDraw = True
133.4712 	EXP 	window1: recordFrameIntervals = False
135.7057 	DATA 	Keypress: 6
135.7088 	EXP 	New trial (rep=0, index=35): {'Stimulus': u'Stimuli/LDFEA3.png', 'Neutral': u'Stimuli/LDNEU.png'}
135.8559 	EXP 	window1: recordFrameIntervals = False
135.8709 	EXP 	image: autoDraw = False
135.8709 	EXP 	image_2: autoDraw = False
135.8709 	EXP 	text: autoDraw = False
135.8709 	EXP 	text_3: autoDraw = False
135.8709 	EXP 	image: image = u'Stimuli/LDNEU.png'
135.8709 	EXP 	image_2: image = u'Stimuli/LDFEA3.png'
135.8709 	EXP 	image: autoDraw = True
135.8709 	EXP 	image_2: autoDraw = True
135.8709 	EXP 	text: autoDraw = True
135.8709 	EXP 	text_3: autoDraw = True
135.8711 	EXP 	window1: recordFrameIntervals = False
137.8052 	DATA 	Keypress: 3
137.8214 	EXP 	image: autoDraw = False
137.8214 	EXP 	image_2: autoDraw = False
137.8214 	EXP 	text: autoDraw = False
137.8214 	EXP 	text_3: autoDraw = False
137.8214 	EXP 	text_4: autoDraw = True
139.2056 	DATA 	Keypress: space
140.4888 	DATA 	Mouse: Left button down, pos=(943,621)
140.5892 	DATA 	Mouse:  Left button up, pos=(943,621)
142.8879 	EXP 	window1: mouseVisible = True
